Determining if the pthread_create exist failed with the following output:
Change Dir: /home/chris/Desktop/tap_ws/auto_docking/ROS/ws/build/CMakeFiles/CMakeTmp

Run Build Command:/usr/bin/make "cmTryCompileExec1195488921/fast"
/usr/bin/make -f CMakeFiles/cmTryCompileExec1195488921.dir/build.make CMakeFiles/cmTryCompileExec1195488921.dir/build
make[1]: Entering directory `/home/chris/Desktop/tap_ws/auto_docking/ROS/ws/build/CMakeFiles/CMakeTmp'
/usr/bin/cmake -E cmake_progress_report /home/chris/Desktop/tap_ws/auto_docking/ROS/ws/build/CMakeFiles/CMakeTmp/CMakeFiles 1
Building C object CMakeFiles/cmTryCompileExec1195488921.dir/CheckSymbolExists.c.o
/usr/bin/cc    -o CMakeFiles/cmTryCompileExec1195488921.dir/CheckSymbolExists.c.o   -c /home/chris/Desktop/tap_ws/auto_docking/ROS/ws/build/CMakeFiles/CMakeTmp/CheckSymbolExists.c
Linking C executable cmTryCompileExec1195488921
/usr/bin/cmake -E cmake_link_script CMakeFiles/cmTryCompileExec1195488921.dir/link.txt --verbose=1
/usr/bin/cc       CMakeFiles/cmTryCompileExec1195488921.dir/CheckSymbolExists.c.o  -o cmTryCompileExec1195488921 -rdynamic 
CMakeFiles/cmTryCompileExec1195488921.dir/CheckSymbolExists.c.o: In function `main':
CheckSymbolExists.c:(.text+0x16): undefined reference to `pthread_create'
collect2: error: ld returned 1 exit status
make[1]: Leaving directory `/home/chris/Desktop/tap_ws/auto_docking/ROS/ws/build/CMakeFiles/CMakeTmp'
make[1]: *** [cmTryCompileExec1195488921] Error 1
make: *** [cmTryCompileExec1195488921/fast] Error 2

File /home/chris/Desktop/tap_ws/auto_docking/ROS/ws/build/CMakeFiles/CMakeTmp/CheckSymbolExists.c:
/* */
#include <pthread.h>

int main(int argc, char** argv)
{
  (void)argv;
#ifndef pthread_create
  return ((int*)(&pthread_create))[argc];
#else
  (void)argc;
  return 0;
#endif
}

Determining if the function pthread_create exists in the pthreads failed with the following output:
Change Dir: /home/chris/Desktop/tap_ws/auto_docking/ROS/ws/build/CMakeFiles/CMakeTmp

Run Build Command:/usr/bin/make "cmTryCompileExec3687692711/fast"
/usr/bin/make -f CMakeFiles/cmTryCompileExec3687692711.dir/build.make CMakeFiles/cmTryCompileExec3687692711.dir/build
make[1]: Entering directory `/home/chris/Desktop/tap_ws/auto_docking/ROS/ws/build/CMakeFiles/CMakeTmp'
/usr/bin/cmake -E cmake_progress_report /home/chris/Desktop/tap_ws/auto_docking/ROS/ws/build/CMakeFiles/CMakeTmp/CMakeFiles 1
Building C object CMakeFiles/cmTryCompileExec3687692711.dir/CheckFunctionExists.c.o
/usr/bin/cc   -DCHECK_FUNCTION_EXISTS=pthread_create   -o CMakeFiles/cmTryCompileExec3687692711.dir/CheckFunctionExists.c.o   -c /usr/share/cmake-2.8/Modules/CheckFunctionExists.c
Linking C executable cmTryCompileExec3687692711
/usr/bin/cmake -E cmake_link_script CMakeFiles/cmTryCompileExec3687692711.dir/link.txt --verbose=1
/usr/bin/cc   -DCHECK_FUNCTION_EXISTS=pthread_create    CMakeFiles/cmTryCompileExec3687692711.dir/CheckFunctionExists.c.o  -o cmTryCompileExec3687692711 -rdynamic -lpthreads 
/usr/bin/ld: cannot find -lpthreads
collect2: error: ld returned 1 exit status
make[1]: Leaving directory `/home/chris/Desktop/tap_ws/auto_docking/ROS/ws/build/CMakeFiles/CMakeTmp'
make[1]: *** [cmTryCompileExec3687692711] Error 1
make: *** [cmTryCompileExec3687692711/fast] Error 2


